<?xml version="1.0" encoding="UTF-8"?>
<testsuite name="com.landoulsi.tracer.TracerTest" tests="4" skipped="0" failures="0" errors="0" timestamp="2025-12-25T12:14:59.641Z" hostname="Ahmeds-MacBook-Pro.local" time="0.001">
  <properties/>
  <testcase name="init trims whitespace from URL" classname="com.landoulsi.tracer.TracerTest" time="0.0"/>
  <testcase name="init with custom URL trims trailing slash" classname="com.landoulsi.tracer.TracerTest" time="0.0"/>
  <testcase name="init with default URL sets localhost" classname="com.landoulsi.tracer.TracerTest" time="0.0"/>
  <testcase name="init with custom URL preserves URL without trailing slash" classname="com.landoulsi.tracer.TracerTest" time="0.0"/>
  <system-out><![CDATA[]]></system-out>
  <system-err><![CDATA[]]></system-err>
</testsuite>
