<?xml version="1.0" encoding="UTF-8"?>
<testsuite name="com.landoulsi.tracer.TracerInterceptorTest" tests="2" skipped="0" failures="0" errors="0" timestamp="2025-12-25T12:14:59.489Z" hostname="Ahmeds-MacBook-Pro.local" time="0.151">
  <properties/>
  <testcase name="interceptor is created successfully" classname="com.landoulsi.tracer.TracerInterceptorTest" time="0.15"/>
  <testcase name="interceptor implements OkHttp Interceptor interface" classname="com.landoulsi.tracer.TracerInterceptorTest" time="0.0"/>
  <system-out><![CDATA[]]></system-out>
  <system-err><![CDATA[]]></system-err>
</testsuite>
